# JRE version: OpenJDK Runtime Environment (21.0.6) (build 21.0.6+-13355223-b631.42)
# Java VM: OpenJDK 64-Bit Server VM (21.0.6+-13355223-b631.42, mixed mode, tiered, compressed oops, compressed class ptrs, g1 gc, windows-amd64)
GC Precious Log:
 CardTable entry size: 512
 Card Set container configuration: InlinePtr #cards 4 size 8 Array Of Cards #cards 16 size 48 Howl #buckets 8 coarsen threshold 3686 Howl Bitmap #cards 512 size 80 coarsen threshold 460 Card regions per heap region 1 cards per card region 4096
 CPUs: 24 total, 24 available
 Memory: 16272M
 Large Page Support: Disabled
 NUMA Support: Disabled
 Compressed Oops: Enabled (Zero based)
 Heap Region Size: 2M
 Heap Min Capacity: 8M
 Heap Initial Capacity: 256M
 Heap Max Capacity: 4070M
 Pre-touch: Disabled
 Parallel Workers: 18
 Concurrent Workers: 5
 Concurrent Refinement Workers: 18
 Periodic GC: Disabled
Heap:
 garbage-first heap   total 368640K, used 280870K [0x0000000701a00000, 0x0000000800000000)
  region size 2048K, 31 young (63488K), 6 survivors (12288K)
 Metaspace       used 91200K, committed 92160K, reserved 1179648K
  class space    used 9954K, committed 10432K, reserved 1048576K
GC Heap History (20 events):
Event: 5.866 GC heap before
{Heap before GC invocations=29 (full 0):
 garbage-first heap   total 227328K, used 195095K [0x0000000701a00000, 0x0000000800000000)
  region size 2048K, 37 young (75776K), 4 survivors (8192K)
 Metaspace       used 89409K, committed 90368K, reserved 1179648K
  class space    used 9877K, committed 10368K, reserved 1048576K
}
Event: 5.870 GC heap after
{Heap after GC invocations=30 (full 0):
 garbage-first heap   total 227328K, used 139100K [0x0000000701a00000, 0x0000000800000000)
  region size 2048K, 5 young (10240K), 5 survivors (10240K)
 Metaspace       used 89409K, committed 90368K, reserved 1179648K
  class space    used 9877K, committed 10368K, reserved 1048576K
}
Event: 6.005 GC heap before
{Heap before GC invocations=30 (full 0):
 garbage-first heap   total 227328K, used 200540K [0x0000000701a00000, 0x0000000800000000)
  region size 2048K, 35 young (71680K), 5 survivors (10240K)
 Metaspace       used 89562K, committed 90496K, reserved 1179648K
  class space    used 9882K, committed 10368K, reserved 1048576K
}
Event: 6.009 GC heap after
{Heap after GC invocations=31 (full 0):
 garbage-first heap   total 227328K, used 144827K [0x0000000701a00000, 0x0000000800000000)
  region size 2048K, 4 young (8192K), 4 survivors (8192K)
 Metaspace       used 89562K, committed 90496K, reserved 1179648K
  class space    used 9882K, committed 10368K, reserved 1048576K
}
Event: 6.110 GC heap before
{Heap before GC invocations=31 (full 0):
 garbage-first heap   total 227328K, used 200123K [0x0000000701a00000, 0x0000000800000000)
  region size 2048K, 32 young (65536K), 4 survivors (8192K)
 Metaspace       used 89735K, committed 90688K, reserved 1179648K
  class space    used 9900K, committed 10368K, reserved 1048576K
}
Event: 6.113 GC heap after
{Heap after GC invocations=32 (full 0):
 garbage-first heap   total 227328K, used 153267K [0x0000000701a00000, 0x0000000800000000)
  region size 2048K, 4 young (8192K), 4 survivors (8192K)
 Metaspace       used 89735K, committed 90688K, reserved 1179648K
  class space    used 9900K, committed 10368K, reserved 1048576K
}
Event: 6.215 GC heap before
{Heap before GC invocations=33 (full 0):
 garbage-first heap   total 256000K, used 204467K [0x0000000701a00000, 0x0000000800000000)
  region size 2048K, 29 young (59392K), 4 survivors (8192K)
 Metaspace       used 89848K, committed 90752K, reserved 1179648K
  class space    used 9905K, committed 10368K, reserved 1048576K
}
Event: 6.218 GC heap after
{Heap after GC invocations=34 (full 0):
 garbage-first heap   total 256000K, used 159161K [0x0000000701a00000, 0x0000000800000000)
  region size 2048K, 4 young (8192K), 4 survivors (8192K)
 Metaspace       used 89848K, committed 90752K, reserved 1179648K
  class space    used 9905K, committed 10368K, reserved 1048576K
}
Event: 6.404 GC heap before
{Heap before GC invocations=34 (full 0):
 garbage-first heap   total 256000K, used 226745K [0x0000000701a00000, 0x0000000800000000)
  region size 2048K, 37 young (75776K), 4 survivors (8192K)
 Metaspace       used 89894K, committed 90816K, reserved 1179648K
  class space    used 9905K, committed 10368K, reserved 1048576K
}
Event: 6.408 GC heap after
{Heap after GC invocations=35 (full 0):
 garbage-first heap   total 256000K, used 165080K [0x0000000701a00000, 0x0000000800000000)
  region size 2048K, 4 young (8192K), 4 survivors (8192K)
 Metaspace       used 89894K, committed 90816K, reserved 1179648K
  class space    used 9905K, committed 10368K, reserved 1048576K
}
Event: 6.604 GC heap before
{Heap before GC invocations=35 (full 0):
 garbage-first heap   total 256000K, used 230616K [0x0000000701a00000, 0x0000000800000000)
  region size 2048K, 36 young (73728K), 4 survivors (8192K)
 Metaspace       used 90041K, committed 91008K, reserved 1179648K
  class space    used 9911K, committed 10432K, reserved 1048576K
}
Event: 6.608 GC heap after
{Heap after GC invocations=36 (full 0):
 garbage-first heap   total 331776K, used 174749K [0x0000000701a00000, 0x0000000800000000)
  region size 2048K, 5 young (10240K), 5 survivors (10240K)
 Metaspace       used 90041K, committed 91008K, reserved 1179648K
  class space    used 9911K, committed 10432K, reserved 1048576K
}
Event: 7.034 GC heap before
{Heap before GC invocations=37 (full 0):
 garbage-first heap   total 331776K, used 291485K [0x0000000701a00000, 0x0000000800000000)
  region size 2048K, 62 young (126976K), 5 survivors (10240K)
 Metaspace       used 90395K, committed 91392K, reserved 1179648K
  class space    used 9929K, committed 10432K, reserved 1048576K
}
Event: 7.040 GC heap after
{Heap after GC invocations=38 (full 0):
 garbage-first heap   total 331776K, used 190696K [0x0000000701a00000, 0x0000000800000000)
  region size 2048K, 8 young (16384K), 8 survivors (16384K)
 Metaspace       used 90395K, committed 91392K, reserved 1179648K
  class space    used 9929K, committed 10432K, reserved 1048576K
}
Event: 7.433 GC heap before
{Heap before GC invocations=38 (full 0):
 garbage-first heap   total 331776K, used 289000K [0x0000000701a00000, 0x0000000800000000)
  region size 2048K, 56 young (114688K), 8 survivors (16384K)
 Metaspace       used 90864K, committed 91840K, reserved 1179648K
  class space    used 9953K, committed 10432K, reserved 1048576K
}
Event: 7.441 GC heap after
{Heap after GC invocations=39 (full 0):
 garbage-first heap   total 331776K, used 206283K [0x0000000701a00000, 0x0000000800000000)
  region size 2048K, 7 young (14336K), 7 survivors (14336K)
 Metaspace       used 90864K, committed 91840K, reserved 1179648K
  class space    used 9953K, committed 10432K, reserved 1048576K
}
Event: 7.718 GC heap before
{Heap before GC invocations=39 (full 0):
 garbage-first heap   total 331776K, used 294347K [0x0000000701a00000, 0x0000000800000000)
  region size 2048K, 50 young (102400K), 7 survivors (14336K)
 Metaspace       used 90969K, committed 91968K, reserved 1179648K
  class space    used 9954K, committed 10432K, reserved 1048576K
}
Event: 7.723 GC heap after
{Heap after GC invocations=40 (full 0):
 garbage-first heap   total 331776K, used 220741K [0x0000000701a00000, 0x0000000800000000)
  region size 2048K, 7 young (14336K), 7 survivors (14336K)
 Metaspace       used 90969K, committed 91968K, reserved 1179648K
  class space    used 9954K, committed 10432K, reserved 1048576K
}
Event: 8.031 GC heap before
{Heap before GC invocations=41 (full 0):
 garbage-first heap   total 368640K, used 298565K [0x0000000701a00000, 0x0000000800000000)
  region size 2048K, 45 young (92160K), 7 survivors (14336K)
 Metaspace       used 91123K, committed 92096K, reserved 1179648K
  class space    used 9954K, committed 10432K, reserved 1048576K
}
Event: 8.037 GC heap after
{Heap after GC invocations=42 (full 0):
 garbage-first heap   total 368640K, used 231718K [0x0000000701a00000, 0x0000000800000000)
  region size 2048K, 6 young (12288K), 6 survivors (12288K)
 Metaspace       used 91123K, committed 92096K, reserved 1179648K
  class space    used 9954K, committed 10432K, reserved 1048576K
}

